<?xml version="1.0" encoding="UTF-8" ?>
<testsuite tests="14" failures="0" name="PythonListTest" time="0.002" errors="0" skipped="0">
  <properties>
[...]
</properties>
  <testcase classname="PythonListTest" name="PythonListTest.testSet" time="0.002"/>
  <testcase classname="PythonListTest" name="PythonListTest.testListFactoryMethod" time="0"/>
  <testcase classname="PythonListTest" name="PythonListTest.testAppend" time="0"/>
  <testcase classname="PythonListTest" name="PythonListTest.testReverse" time="0"/>
  <testcase classname="PythonListTest" name="PythonListTest.testInsert" time="0"/>
  <testcase classname="PythonListTest" name="PythonListTest.testRemove" time="0"/>
  <testcase classname="PythonListTest" name="PythonListTest.testToString" time="0"/>
  <testcase classname="PythonListTest" name="PythonListTest.testCount" time="0"/>
  <testcase classname="PythonListTest" name="PythonListTest.testClear" time="0"/>
  <testcase classname="PythonListTest" name="PythonListTest.testPopAtIndex" time="0"/>
  <testcase classname="PythonListTest" name="PythonListTest.testCopy" time="0"/>
  <testcase classname="PythonListTest" name="PythonListTest.testPop" time="0"/>
  <testcase classname="PythonListTest" name="PythonListTest.testExtend" time="0"/>
  <testcase classname="PythonListTest" name="PythonListTest.testSort" time="0"/>
</testsuite>